########### array before sorts ###########
0	0.110000	52.325000	0.110000	7.110000	n
1	0.110000	7.110000	0.195185	6.462952	n
2	0.195185	6.462952	0.444936	5.860000	n
3	0.444936	5.860000	0.842233	5.342233	n
4	0.842233	5.342233	1.360000	4.944936	n
5	1.360000	4.944936	1.962952	4.695185	n
6	1.962952	4.695185	2.610000	4.610000	n
7	2.610000	4.610000	3.010000	4.610000	n
8	0.110000	52.325000	0.195185	52.972048	n
9	0.195185	52.972048	0.444936	53.575000	n
10	0.444936	53.575000	0.842233	54.092767	n
11	0.842233	54.092767	1.360000	54.490064	n
12	1.360000	54.490064	1.962952	54.739815	n
13	1.962952	54.739815	2.610000	54.825000	n
14	2.610000	54.825000	3.010000	54.825000	n
15	23.410000	54.825000	23.810000	54.825000	n
16	23.810000	54.825000	24.457048	54.739815	n
17	24.457048	54.739815	25.060000	54.490064	n
18	25.060000	54.490064	25.577767	54.092767	n
19	25.577767	54.092767	25.975064	53.575000	n
20	25.975064	53.575000	26.224815	52.972048	n
21	26.224815	52.972048	26.310000	52.325000	n
22	23.410000	4.610000	23.810000	4.610000	n
23	23.810000	4.610000	24.457048	4.695185	n
24	24.457048	4.695185	25.060000	4.944936	n
25	25.060000	4.944936	25.577767	5.342233	n
26	25.577767	5.342233	25.975064	5.860000	n
27	25.975064	5.860000	26.224815	6.462952	n
28	26.224815	6.462952	26.310000	7.110000	n
29	26.310000	7.110000	26.310000	52.325000	n
30	-17.548000	8.165000	-17.550000	8.165000	n
Tolerance=0.050000.
*Exact match for i=0 and j=1.
*i point 0.110000	52.325000	0.110000	7.110000	y
*Exact match for i=1 and j=2.
*i point 0.110000	7.110000	0.195185	6.462952	y
*Exact match for i=2 and j=3.
*i point 0.195185	6.462952	0.444936	5.860000	y
*Exact match for i=3 and j=4.
*i point 0.444936	5.860000	0.842233	5.342233	y
*Exact match for i=4 and j=5.
*i point 0.842233	5.342233	1.360000	4.944936	y
*Exact match for i=5 and j=6.
*i point 1.360000	4.944936	1.962952	4.695185	y
*Exact match for i=6 and j=7.
*i point 1.962952	4.695185	2.610000	4.610000	y
No match for i=7.
########### array after sorts ###########
0	0.110000	52.325000	0.110000	7.110000	y
1	0.110000	7.110000	0.195185	6.462952	y
2	0.195185	6.462952	0.444936	5.860000	y
3	0.444936	5.860000	0.842233	5.342233	y
4	0.842233	5.342233	1.360000	4.944936	y
5	1.360000	4.944936	1.962952	4.695185	y
6	1.962952	4.695185	2.610000	4.610000	y
7	2.610000	4.610000	3.010000	4.610000	y
8	0.110000	52.325000	0.195185	52.972048	n
9	0.195185	52.972048	0.444936	53.575000	n
10	0.444936	53.575000	0.842233	54.092767	n
11	0.842233	54.092767	1.360000	54.490064	n
12	1.360000	54.490064	1.962952	54.739815	n
13	1.962952	54.739815	2.610000	54.825000	n
14	2.610000	54.825000	3.010000	54.825000	n
15	23.410000	54.825000	23.810000	54.825000	n
16	23.810000	54.825000	24.457048	54.739815	n
17	24.457048	54.739815	25.060000	54.490064	n
18	25.060000	54.490064	25.577767	54.092767	n
19	25.577767	54.092767	25.975064	53.575000	n
20	25.975064	53.575000	26.224815	52.972048	n
21	26.224815	52.972048	26.310000	52.325000	n
22	23.410000	4.610000	23.810000	4.610000	n
23	23.810000	4.610000	24.457048	4.695185	n
24	24.457048	4.695185	25.060000	4.944936	n
25	25.060000	4.944936	25.577767	5.342233	n
26	25.577767	5.342233	25.975064	5.860000	n
27	25.975064	5.860000	26.224815	6.462952	n
28	26.224815	6.462952	26.310000	7.110000	n
29	26.310000	7.110000	26.310000	52.325000	n
30	-17.548000	8.165000	-17.550000	8.165000	n
***************
LAYER 114 IDFDebug;SET COLOR_LAYER 114 red;CIRCLE (3.010000 4.610000) (5.010000 4.610000);change width 0.01;
SET Wire_Bend 2;
WIRE ( 0.110000 52.325000) (0.110000 7.110000);WIRE ( 0.110000 7.110000) (0.195185 6.462952);WIRE ( 0.195185 6.462952) (0.444936 5.860000);WIRE ( 0.444936 5.860000) (0.842233 5.342233);WIRE ( 0.842233 5.342233) (1.360000 4.944936);WIRE ( 1.360000 4.944936) (1.962952 4.695185);WIRE ( 1.962952 4.695185) (2.610000 4.610000);WIRE ( 2.610000 4.610000) (3.010000 4.610000);DISPLAY NONE;DISPLAY 20 114;WINDOW FIT;***************
.BOARD_OUTLINE UNOWNED
1.6
0     0.110000     52.325000     0
0     0.110000     7.110000     0
0     0.195185     6.462952     0
0     0.444936     5.860000     0
0     0.842233     5.342233     0
0     1.360000     4.944936     0
0     1.962952     4.695185     0
0     2.610000     4.610000     0
